# JRE version: Java(TM) SE Runtime Environment (8.0_144-b01) (build 1.8.0_144-b01)
# Java VM: Java HotSpot(TM) Client VM (25.144-b01 mixed mode windows-x86 )
Heap:
 def new generation   total 157248K, used 157247K [0x06800000, 0x112a0000, 0x112a0000)
  eden space 139776K, 100% used [0x06800000, 0x0f080000, 0x0f080000)
  from space 17472K,  99% used [0x10190000, 0x1129fff0, 0x112a0000)
  to   space 17472K,   0% used [0x0f080000, 0x0f080000, 0x10190000)
 tenured generation   total 349568K, used 349567K [0x112a0000, 0x26800000, 0x26800000)
   the space 349568K,  99% used [0x112a0000, 0x267ffff0, 0x26800000, 0x26800000)
 Metaspace       used 19509K, capacity 19961K, committed 20224K, reserved 20864K
GC Heap History (10 events):
Event: 15843.068 GC heap before
{Heap before GC invocations=2794 (full 797):
 def new generation   total 157248K, used 157247K [0x06800000, 0x112a0000, 0x112a0000)
  eden space 139776K,  99% used [0x06800000, 0x0f07fff8, 0x0f080000)
  from space 17472K,  99% used [0x10190000, 0x1129fff0, 0x112a0000)
  to   space 17472K,   0% used [0x0f080000, 0x0f080000, 0x10190000)
 tenured generation   total 349568K, used 349567K [0x112a0000, 0x26800000, 0x26800000)
   the space 349568K,  99% used [0x112a0000, 0x267ffff0, 0x26800000, 0x26800000)
 Metaspace       used 19509K, capacity 19961K, committed 20224K, reserved 20864K
Event: 15843.544 GC heap after
Heap after GC invocations=2795 (full 798):
 def new generation   total 157248K, used 157247K [0x06800000, 0x112a0000, 0x112a0000)
  eden space 139776K,  99% used [0x06800000, 0x0f07fff8, 0x0f080000)
  from space 17472K,  99% used [0x10190000, 0x1129fcb0, 0x112a0000)
  to   space 17472K,   0% used [0x0f080000, 0x0f080000, 0x10190000)
 tenured generation   total 349568K, used 349567K [0x112a0000, 0x26800000, 0x26800000)
   the space 349568K,  99% used [0x112a0000, 0x267ffff0, 0x26800000, 0x26800000)
 Metaspace       used 19509K, capacity 19961K, committed 20224K, reserved 20864K
}
Event: 15843.544 GC heap before
{Heap before GC invocations=2795 (full 798):
 def new generation   total 157248K, used 157247K [0x06800000, 0x112a0000, 0x112a0000)
  eden space 139776K,  99% used [0x06800000, 0x0f07fff8, 0x0f080000)
  from space 17472K,  99% used [0x10190000, 0x1129fff8, 0x112a0000)
  to   space 17472K,   0% used [0x0f080000, 0x0f080000, 0x10190000)
 tenured generation   total 349568K, used 349567K [0x112a0000, 0x26800000, 0x26800000)
   the space 349568K,  99% used [0x112a0000, 0x267ffff0, 0x26800000, 0x26800000)
 Metaspace       used 19509K, capacity 19961K, committed 20224K, reserved 20864K
Event: 15844.017 GC heap after
Heap after GC invocations=2796 (full 799):
 def new generation   total 157248K, used 157247K [0x06800000, 0x112a0000, 0x112a0000)
  eden space 139776K,  99% used [0x06800000, 0x0f07fff8, 0x0f080000)
  from space 17472K,  99% used [0x10190000, 0x1129fc98, 0x112a0000)
  to   space 17472K,   0% used [0x0f080000, 0x0f080000, 0x10190000)
 tenured generation   total 349568K, used 349567K [0x112a0000, 0x26800000, 0x26800000)
   the space 349568K,  99% used [0x112a0000, 0x267ffff0, 0x26800000, 0x26800000)
 Metaspace       used 19509K, capacity 19961K, committed 20224K, reserved 20864K
}
Event: 15844.018 GC heap before
{Heap before GC invocations=2796 (full 799):
 def new generation   total 157248K, used 157247K [0x06800000, 0x112a0000, 0x112a0000)
  eden space 139776K,  99% used [0x06800000, 0x0f07fff8, 0x0f080000)
  from space 17472K,  99% used [0x10190000, 0x1129fff8, 0x112a0000)
  to   space 17472K,   0% used [0x0f080000, 0x0f080000, 0x10190000)
 tenured generation   total 349568K, used 349568K [0x112a0000, 0x26800000, 0x26800000)
   the space 349568K, 100% used [0x112a0000, 0x26800000, 0x26800000, 0x26800000)
 Metaspace       used 19509K, capacity 19961K, committed 20224K, reserved 20864K
Event: 15844.492 GC heap after
Heap after GC invocations=2797 (full 800):
 def new generation   total 157248K, used 157245K [0x06800000, 0x112a0000, 0x112a0000)
  eden space 139776K,  99% used [0x06800000, 0x0f07fff8, 0x0f080000)
  from space 17472K,  99% used [0x10190000, 0x1129f4d8, 0x112a0000)
  to   space 17472K,   0% used [0x0f080000, 0x0f080000, 0x10190000)
 tenured generation   total 349568K, used 349567K [0x112a0000, 0x26800000, 0x26800000)
   the space 349568K,  99% used [0x112a0000, 0x267ffff0, 0x26800000, 0x26800000)
 Metaspace       used 19509K, capacity 19961K, committed 20224K, reserved 20864K
}
Event: 15844.492 GC heap before
{Heap before GC invocations=2797 (full 800):
 def new generation   total 157248K, used 157246K [0x06800000, 0x112a0000, 0x112a0000)
  eden space 139776K,  99% used [0x06800000, 0x0f07fff8, 0x0f080000)
  from space 17472K,  99% used [0x10190000, 0x1129fa20, 0x112a0000)
  to   space 17472K,   0% used [0x0f080000, 0x0f080000, 0x10190000)
 tenured generation   total 349568K, used 349567K [0x112a0000, 0x26800000, 0x26800000)
   the space 349568K,  99% used [0x112a0000, 0x267ffff0, 0x26800000, 0x26800000)
 Metaspace       used 19509K, capacity 19961K, committed 20224K, reserved 20864K
Event: 15844.973 GC heap after
Heap after GC invocations=2798 (full 801):
 def new generation   total 157248K, used 157245K [0x06800000, 0x112a0000, 0x112a0000)
  eden space 139776K,  99% used [0x06800000, 0x0f07fff8, 0x0f080000)
  from space 17472K,  99% used [0x10190000, 0x1129f728, 0x112a0000)
  to   space 17472K,   0% used [0x0f080000, 0x0f080000, 0x10190000)
 tenured generation   total 349568K, used 349567K [0x112a0000, 0x26800000, 0x26800000)
   the space 349568K,  99% used [0x112a0000, 0x267ffff0, 0x26800000, 0x26800000)
 Metaspace       used 19509K, capacity 19961K, committed 20224K, reserved 20864K
}
Event: 15844.973 GC heap before
{Heap before GC invocations=2798 (full 801):
 def new generation   total 157248K, used 157245K [0x06800000, 0x112a0000, 0x112a0000)
  eden space 139776K,  99% used [0x06800000, 0x0f07fff8, 0x0f080000)
  from space 17472K,  99% used [0x10190000, 0x1129f728, 0x112a0000)
  to   space 17472K,   0% used [0x0f080000, 0x0f080000, 0x10190000)
 tenured generation   total 349568K, used 349567K [0x112a0000, 0x26800000, 0x26800000)
   the space 349568K,  99% used [0x112a0000, 0x267ffff0, 0x26800000, 0x26800000)
 Metaspace       used 19509K, capacity 19961K, committed 20224K, reserved 20864K
Event: 15845.453 GC heap after
Heap after GC invocations=2799 (full 802):
 def new generation   total 157248K, used 157245K [0x06800000, 0x112a0000, 0x112a0000)
  eden space 139776K,  99% used [0x06800000, 0x0f07fff8, 0x0f080000)
  from space 17472K,  99% used [0x10190000, 0x1129f728, 0x112a0000)
  to   space 17472K,   0% used [0x0f080000, 0x0f080000, 0x10190000)
 tenured generation   total 349568K, used 349567K [0x112a0000, 0x26800000, 0x26800000)
   the space 349568K,  99% used [0x112a0000, 0x267ffff0, 0x26800000, 0x26800000)
 Metaspace       used 19509K, capacity 19961K, committed 20224K, reserved 20864K
}

